[ 2016-03-11T17:12:45+08:00 ] 127.0.0.1 /ThinkCMFX%201.6.1_20150624/index.php?g=Admin&m=public&a=dologin
INFO: [ app_begin ] --START--
INFO: Run Behavior\ReadHtmlCacheBehavior [ RunTime:0.000807s ]
INFO: Run Behavior\CheckLangBehavior [ RunTime:0.001174s ]
INFO: [ app_begin ] --END-- [ RunTime:0.003038s ]

[ 2016-03-11T17:12:52+08:00 ] 127.0.0.1 /ThinkCMFX%201.6.1_20150624/index.php?g=Admin&m=public&a=dologin
INFO: [ app_begin ] --START--
INFO: Run Behavior\ReadHtmlCacheBehavior [ RunTime:0.001243s ]
INFO: Run Behavior\CheckLangBehavior [ RunTime:0.001665s ]
INFO: [ app_begin ] --END-- [ RunTime:0.004205s ]
SQL: SHOW COLUMNS FROM `cmf_users` [ RunTime:0.0129s ]
SQL: SELECT * FROM `cmf_users` WHERE `user_login` = 'admin123' LIMIT 1   [ RunTime:0.0004s ]

[ 2016-03-11T17:14:12+08:00 ] 127.0.0.1 /ThinkCMFX%201.6.1_20150624/index.php?g=Admin&m=public&a=dologin
INFO: [ app_begin ] --START--
INFO: Run Behavior\ReadHtmlCacheBehavior [ RunTime:0.000665s ]
INFO: Run Behavior\CheckLangBehavior [ RunTime:0.001170s ]
INFO: [ app_begin ] --END-- [ RunTime:0.002464s ]
SQL: SHOW COLUMNS FROM `cmf_users` [ RunTime:0.0128s ]
SQL: SELECT * FROM `cmf_users` WHERE `user_login` = 'admin' LIMIT 1   [ RunTime:0.0005s ]
SQL: SHOW COLUMNS FROM `cmf_role_user` [ RunTime:0.0113s ]
SQL: SELECT `role_id` FROM cmf_role_user a INNER JOIN cmf_role as b on a.role_id =b.id  WHERE `user_id` = '1' AND `status` = 1  [ RunTime:0.0387s ]
SQL: UPDATE `cmf_users` SET `user_login`='admin',`user_pass`='7f0fca1fe54f96e79218965eb72c92a549dd5a330112e76c',`user_nicename`='admin',`user_email`='xces1013@163.com',`user_url`='',`avatar`=NULL,`sex`='0',`birthday`=NULL,`signature`=NULL,`last_login_ip`='127.0.0.1',`last_login_time`='2016-03-11 17:14:12',`create_time`='2016-03-04 02:11:11',`user_activation_key`='',`user_status`='1',`score`='0',`user_type`='1' WHERE `id` = '1' [ RunTime:0.0188s ]

